0 info it worked if it ends with ok
1 verbose cli [ 'node', '/usr/local/bin/npm', 'install', 'grunt-php-reload' ]
2 info using npm@1.3.14
3 info using node@v0.10.22
4 verbose readDependencies using package.json deps
5 verbose cache add [ 'grunt-php-reload', null ]
6 verbose cache add name=undefined spec="grunt-php-reload" args=["grunt-php-reload",null]
7 verbose parsed url { protocol: null,
7 verbose parsed url   slashes: null,
7 verbose parsed url   auth: null,
7 verbose parsed url   host: null,
7 verbose parsed url   port: null,
7 verbose parsed url   hostname: null,
7 verbose parsed url   hash: null,
7 verbose parsed url   search: null,
7 verbose parsed url   query: null,
7 verbose parsed url   pathname: 'grunt-php-reload',
7 verbose parsed url   path: 'grunt-php-reload',
7 verbose parsed url   href: 'grunt-php-reload' }
8 silly lockFile 7ce3b82d-grunt-php-reload grunt-php-reload
9 verbose lock grunt-php-reload /Users/rodrigo/.npm/7ce3b82d-grunt-php-reload.lock
10 silly lockFile 7ce3b82d-grunt-php-reload grunt-php-reload
11 silly lockFile 7ce3b82d-grunt-php-reload grunt-php-reload
12 verbose addNamed [ 'grunt-php-reload', '' ]
13 verbose addNamed [ null, '*' ]
14 silly lockFile edf5bef7-grunt-php-reload grunt-php-reload@
15 verbose lock grunt-php-reload@ /Users/rodrigo/.npm/edf5bef7-grunt-php-reload.lock
16 silly addNameRange { name: 'grunt-php-reload', range: '*', hasData: false }
17 verbose url raw grunt-php-reload
18 verbose url resolving [ 'https://registry.npmjs.org/', './grunt-php-reload' ]
19 verbose url resolved https://registry.npmjs.org/grunt-php-reload
20 info trying registry request attempt 1 at 10:10:16
21 http GET https://registry.npmjs.org/grunt-php-reload
22 http 404 https://registry.npmjs.org/grunt-php-reload
23 silly registry.get cb [ 404,
23 silly registry.get   { server: 'CouchDB/1.5.0 (Erlang OTP/R15B03)',
23 silly registry.get     date: 'Thu, 05 Dec 2013 14:10:24 GMT',
23 silly registry.get     'content-type': 'application/json',
23 silly registry.get     'content-length': '52',
23 silly registry.get     'cache-control': 'must-revalidate' } ]
24 silly lockFile edf5bef7-grunt-php-reload grunt-php-reload@
25 silly lockFile edf5bef7-grunt-php-reload grunt-php-reload@
26 error 404 'grunt-php-reload' is not in the npm registry.
26 error 404 You should bug the author to publish it
26 error 404
26 error 404 Note that you can also install from a
26 error 404 tarball, folder, or http url, or git url.
27 error System Darwin 13.0.0
28 error command "node" "/usr/local/bin/npm" "install" "grunt-php-reload"
29 error cwd /Users/rodrigo/Source/grunt-php-reload
30 error node -v v0.10.22
31 error npm -v 1.3.14
32 error code E404
33 verbose exit [ 1, true ]
